"../../../Engine/Content/EngineFonts/RobotoDistanceField.uasset" 0
"../../../ringK/Content/FontsMat.uasset" 1
"../../../ringK/Content/MainBp/ringK_Char.uasset" 2
"../../../Engine/Content/EditorBlueprintResources/StandardMacros.uasset" 3
"../../../ringK/Content/Mesh/lambert1.uasset" 4
"../../../ringK/Content/Mesh/ringKCylinder.uasset" 5
"../../../ringK/Content/MainBp/Actors/Spline.uasset" 6
"../../../Engine/Content/BasicShapes/BasicShapeMaterial.uasset" 7
"../../../Engine/Content/Functions/Engine_MaterialFunctions01/Opacity/CameraDepthFade.uasset" 8
"../../../Engine/Content/EngineMaterials/T_Default_Material_Grid_M.uasset" 9
"../../../Engine/Content/EngineMaterials/T_Default_Material_Grid_N.uasset" 10
"../../../Engine/Content/EngineMaterials/WorldGridMaterial.uasset" 11
"../../../Engine/Content/BasicShapes/Cube.uasset" 12
"../../../ringK/Content/MainBp/ringK_Pawn.uasset" 13
"../../../ringK/Content/MainBp/ringK_PC.uasset" 14
"../../../ringK/Content/MainBp/ringK_GM.uasset" 15
"../../../ringK/Content/MainBp/GameMode/GameInfoInstance.uasset" 16
"../../../ringK/Content/Mesh/Line.uasset" 17
"../../../ringK/Content/Mesh/Constellation.uasset" 18
"../../../ringK/Content/Mesh/Constellation2.uasset" 19
"../../../ringK/Content/Mesh/Constellation3.uasset" 20
"../../../ringK/Content/Mesh/Constellation_Yellow.uasset" 21
"../../../ringK/Content/Mesh/FontsMat.uasset" 22
"../../../ringK/Content/Mesh/FontsMat_Inst.uasset" 23
"../../../ringK/Content/Mesh/Inside_Glow.uasset" 24
"../../../ringK/Content/Mesh/Inside_Glow_Yellow_Inst.uasset" 25
"../../../ringK/Content/Mesh/TunnelLines.uasset" 26
"../../../ringK/Content/Reference/Photos/David/26056881_1839825256308734_1120242398_n.uasset" 27
"../../../ringK/Content/Reference/Photos/Memories/23433219_1820792048212055_1669847688_o.uasset" 28
"../../../ringK/Content/Reference/Photos/Memories/23468209_1820792031545390_2086853233_o.uasset" 29
"../../../ringK/Content/Reference/Photos/Memories/23468213_1820792008212059_1960523077_o.uasset" 30
"../../../ringK/Content/Reference/Photos/Memories/23468393_1820791994878727_1261511207_o.uasset" 31
"../../../ringK/Content/Reference/Photos/Memories/23468519_1820791964878730_1571142275_o.uasset" 32
"../../../ringK/Content/Reference/Photos/Memories/23469106_1820791984878728_46486961_o.uasset" 33
"../../../ringK/Content/Reference/Photos/Memories/23469137_1820791974878729_1650494630_o.uasset" 34
"../../../ringK/Content/Reference/Photos/Memories/23469176_1820791991545394_1719646652_o.uasset" 35
"../../../ringK/Content/Reference/Photos/Memories/23469191_1820792001545393_475916652_o.uasset" 36
"../../../ringK/Content/Reference/Photos/Memories/23469205_1820792014878725_1920701408_o.uasset" 37
"../../../ringK/Content/Reference/Photos/Memories/23469289_1820792041545389_1312045753_o.uasset" 38
"../../../ringK/Content/Reference/Photos/Memories/23469325_1820792044878722_136003310_o.uasset" 39
"../../../ringK/Content/Reference/Photos/Memories/23469365_1820792011545392_1077185512_o.uasset" 40
"../../../ringK/Content/Reference/Photos/Memories/23469424_1820791998212060_1655170191_o.uasset" 41
"../../../ringK/Content/Reference/Photos/Memories/23469436_1820792028212057_2085405706_o.uasset" 42
"../../../ringK/Content/Reference/Photos/Memories/23482839_1820792004878726_298542357_o.uasset" 43
"../../../ringK/Content/Reference/Photos/Memories/23484441_1820791981545395_526905401_o.uasset" 44
"../../../ringK/Content/Reference/Photos/Memories/23484481_1820791978212062_1590184500_o.uasset" 45
"../../../ringK/Content/Reference/Photos/Memories/23484534_1820792018212058_1658840578_o.uasset" 46
"../../../ringK/Content/Reference/Photos/Memories/23484755_1820792038212056_10362205_o.uasset" 47
"../../../ringK/Content/Reference/Photos/Memories/23484867_1820791988212061_1395456153_o.uasset" 48
"../../../ringK/Content/Reference/Photos/Memories/23514579_1820791971545396_268268233_o.uasset" 49
"../../../ringK/Content/Reference/Photos/Memories/23514618_1820792051545388_2004194078_o.uasset" 50
"../../../ringK/Content/Reference/Photos/Memories/26057985_1839825279642065_551311405_n.uasset" 51
"../../../ringK/Content/Reference/Photos/Michael/10523165_1407776669513597_9219422010839353533_n.uasset" 52
"../../../ringK/Content/Reference/Photos/Michael/22046401_1805381793086414_4719877645736479042_n.uasset" 53
"../../../ringK/Content/Reference/Photos/Michael/26105423_1839824122975514_1163951647_n.uasset" 54
"../../../Engine/Content/EngineMaterials/DefaultMaterial.uasset" 55
"../../../Engine/Content/BasicShapes/Cone.uasset" 56
"../../../Engine/Content/BasicShapes/Cylinder.uasset" 57
"../../../Engine/Content/BasicShapes/Plane.uasset" 58
"../../../Engine/Content/EditorLandscapeResources/DataLayer.uasset" 59
"../../../Engine/Content/EditorMaterials/GizmoMaterial.uasset" 60
"../../../Engine/Content/EditorMaterials/MAT_Groups_Toggle.uasset" 61
"../../../Engine/Content/EditorMaterials/MAT_Groups_Visibility.uasset" 62
"../../../Engine/Content/EditorMaterials/PreviewShadowIndicator.uasset" 63
"../../../Engine/Content/EditorMaterials/PreviewShadowIndicatorMaterial.uasset" 64
"../../../Engine/Content/EditorMaterials/MatineeGroups/MAT_ColorTrack.uasset" 65
"../../../Engine/Content/EditorMaterials/MatineeGroups/MAT_Groups_Anim.uasset" 66
"../../../Engine/Content/EditorMaterials/MatineeGroups/MAT_Groups_AudioMaster.uasset" 67
"../../../Engine/Content/EditorMaterials/MatineeGroups/MAT_Groups_Director.uasset" 68
"../../../Engine/Content/EditorMaterials/MatineeGroups/MAT_Groups_Event.uasset" 69
"../../../Engine/Content/EditorMaterials/MatineeGroups/MAT_Groups_Fade.uasset" 70
"../../../Engine/Content/EditorMaterials/MatineeGroups/MAT_Groups_Float.uasset" 71
"../../../Engine/Content/EditorMaterials/MatineeGroups/MAT_Groups_Move.uasset" 72
"../../../Engine/Content/EditorMaterials/MatineeGroups/MAT_Groups_Slomo.uasset" 73
"../../../Engine/Content/EditorMaterials/MatineeGroups/MAT_Groups_Sound.uasset" 74
"../../../Engine/Content/EditorMaterials/MatineeGroups/MAT_Groups_Vector.uasset" 75
"../../../Engine/Content/EditorMaterials/ParticleSystems/PSysThumbnail_NoImage.uasset" 76
"../../../Engine/Content/EditorMaterials/ParticleSystems/PSysThumbnail_OOD.uasset" 77
"../../../Engine/Content/EditorMaterials/Camera/CineMat.uasset" 78
"../../../Engine/Content/EditorMaterials/Camera/MI_CineMat_Rig.uasset" 79
"../../../Engine/Content/EditorMeshes/Camera/SM_CraneRig_Arm.uasset" 80
"../../../Engine/Content/EditorMeshes/Camera/SM_CraneRig_Base.uasset" 81
"../../../Engine/Content/EditorMeshes/Camera/SM_CraneRig_Body.uasset" 82
"../../../Engine/Content/EditorMeshes/Camera/SM_CraneRig_Mount.uasset" 83
"../../../Engine/Content/EditorMeshes/Camera/SM_RailRig_Mount.uasset" 84
"../../../Engine/Content/EditorMeshes/Camera/SM_RailRig_Track.uasset" 85
"../../../Engine/Content/EditorMeshes/ColorCalibrator/M_ChromeBall.uasset" 86
"../../../Engine/Content/EditorMeshes/ColorCalibrator/M_ClearCoat.uasset" 87
"../../../Engine/Content/EditorMeshes/ColorCalibrator/M_ClearCoatBlack.uasset" 88
"../../../Engine/Content/EditorMeshes/ColorCalibrator/Color_checker.uasset" 89
"../../../Engine/Content/EditorMeshes/ColorCalibrator/M_ColorGrid.uasset" 90
"../../../Engine/Content/EditorMeshes/ColorCalibrator/M_GreyBall.uasset" 91
"../../../Engine/Content/EditorMeshes/ColorCalibrator/SM_ColorCalibrator.uasset" 92
"../../../Engine/Content/EditorResources/BSPVertex.uasset" 93
"../../../Engine/Content/EditorResources/EmptyActor.uasset" 94
"../../../Engine/Content/EditorResources/S_Actor.uasset" 95
"../../../Engine/Content/EditorResources/S_Trigger.uasset" 96
"../../../Engine/Content/EditorResources/SequenceRecorder/Countdown.uasset" 97
"../../../Engine/Content/EditorResources/SequenceRecorder/RecordingIndicator.uasset" 98
"../../../Engine/Content/EditorSounds/Notifications/CompileFailed.uasset" 99
"../../../Engine/Content/EditorSounds/Notifications/CompileFailed_Cue.uasset" 100
"../../../Engine/Content/EditorSounds/Notifications/CompileSuccess.uasset" 101
"../../../Engine/Content/EditorSounds/Notifications/CompileStart_Cue.uasset" 102
"../../../Engine/Content/EditorSounds/Notifications/CompileSuccess_Cue.uasset" 103
"../../../Engine/Content/EngineDamageTypes/DmgTypeBP_Environmental.uasset" 104
"../../../Engine/Content/EngineDebugMaterials/HeatmapGradient.uasset" 105
"../../../Engine/Content/EngineDebugMaterials/BoneWeightMaterial.uasset" 106
"../../../Engine/Content/EngineDebugMaterials/ClothMaterial.uasset" 107
"../../../Engine/Content/EngineDebugMaterials/ClothMaterial_WF.uasset" 108
"../../../Engine/Content/EngineDebugMaterials/DebugEditorMaterial.uasset" 109
"../../../Engine/Content/EngineDebugMaterials/DebugMeshMaterial.uasset" 110
"../../../Engine/Content/EngineDebugMaterials/GeomMaterial.uasset" 111
"../../../Engine/Content/EngineFonts/Faces/RobotoBold.uasset" 112
"../../../Engine/Content/EngineFonts/Faces/RobotoBoldItalic.uasset" 113
"../../../Engine/Content/EngineFonts/Faces/RobotoItalic.uasset" 114
"../../../Engine/Content/EngineFonts/Faces/RobotoLight.uasset" 115
"../../../Engine/Content/EngineFonts/Faces/RobotoRegular.uasset" 116
"../../../Engine/Content/EngineFonts/Roboto.uasset" 117
"../../../Engine/Content/EngineFonts/Faces/RobotoTiny.uasset" 118
"../../../Engine/Content/EngineFonts/RobotoTiny.uasset" 119
"../../../Engine/Content/EngineMaterials/DefaultBloomKernel.uasset" 120
"../../../Engine/Content/EngineMaterials/DefaultBokeh.uasset" 121
"../../../Engine/Content/EngineMaterials/DefaultDiffuse.uasset" 122
"../../../Engine/Content/EngineMaterials/DefaultDeferredDecalMaterial.uasset" 123
"../../../Engine/Content/EngineMaterials/DefaultLightFunctionMaterial.uasset" 124
"../../../Engine/Content/EngineMaterials/DefaultPhysicalMaterial.uasset" 125
"../../../Engine/Content/Functions/Engine_MaterialFunctions02/Utility/BreakOutFloat2Components.uasset" 126
"../../../Engine/Content/EngineMaterials/DefaultPostProcessMaterial.uasset" 127
"../../../Engine/Content/EngineMaterials/DefaultTextMaterialOpaque.uasset" 128
"../../../Engine/Content/EngineMaterials/DefaultWhiteGrid.uasset" 129
"../../../Engine/Content/EngineMaterials/EditorBrushMaterial.uasset" 130
"../../../Engine/Content/EngineMaterials/Good64x64TilingNoiseHighFreq.uasset" 131
"../../../Engine/Content/EngineMaterials/MiniFont.uasset" 132
"../../../Engine/Content/EngineMaterials/InvalidLightmapSettings.uasset" 133
"../../../Engine/Content/EngineMaterials/M_InvalidLightmapSettings.uasset" 134
"../../../Engine/Content/Functions/Engine_MaterialFunctions02/WorldPositionOffset/CameraOffset.uasset" 135
"../../../Engine/Content/EngineMaterials/PhAT_JointLimitMaterial.uasset" 136
"../../../Engine/Content/EngineMaterials/PreintegratedSkinBRDF.uasset" 137
"../../../Engine/Content/EngineMaterials/RemoveSurfaceMaterial.uasset" 138
"../../../Engine/Content/EngineMaterials/WeightMapPlaceholderTexture.uasset" 139
"../../../Engine/Content/EngineResources/WhiteSquareTexture.uasset" 140
"../../../Engine/Content/EngineMaterials/Widget3DPassThrough.uasset" 141
"../../../Engine/Content/EngineMaterials/Widget3DPassThrough_Masked.uasset" 142
"../../../Engine/Content/EngineMaterials/Widget3DPassThrough_Opaque.uasset" 143
"../../../Engine/Content/EngineMaterials/Widget3DPassThrough_Masked_OneSided.uasset" 144
"../../../Engine/Content/EngineMaterials/Widget3DPassThrough_Opaque_OneSided.uasset" 145
"../../../Engine/Content/EngineMaterials/Widget3DPassThrough_Translucent.uasset" 146
"../../../Engine/Content/EngineMaterials/Widget3DPassThrough_Translucent_OneSided.uasset" 147
"../../../Engine/Content/EngineMeshes/Cube.uasset" 148
"../../../Engine/Content/EngineMeshes/Cylinder.uasset" 149
"../../../Engine/Content/EngineMeshes/Sphere.uasset" 150
"../../../Engine/Content/EngineResources/Black.uasset" 151
"../../../Engine/Content/EngineResources/DefaultTexture.uasset" 152
"../../../Engine/Content/EngineResources/DefaultTextureCube.uasset" 153
"../../../Engine/Content/EngineResources/GradientTexture0.uasset" 154
"../../../Engine/Content/EngineSounds/Master.uasset" 155
"../../../Engine/Content/Functions/Engine_MaterialFunctions01/Shading/ConvertFromDiffSpec.uasset" 156
"../../../Engine/Content/Functions/Engine_MaterialFunctions01/Shading/PowerToRoughness.uasset" 157
"../../../Engine/Content/Maps/Templates/Thumbnails/Default.uasset" 158
"../../../Engine/Content/Maps/Templates/Thumbnails/VR-Basic.uasset" 159
"../../../Engine/Content/MobileResources/T_MobileControls_texture.uasset" 160
"../../../Engine/Content/MobileResources/T_MobileMenu2.uasset" 161
"../../../Engine/Content/MobileResources/HUD/AnalogHat.uasset" 162
"../../../Engine/Content/MobileResources/HUD/VirtualJoystick_Background.uasset" 163
"../../../Engine/Content/MobileResources/HUD/VirtualJoystick_Thumb.uasset" 164
"../../../Engine/Content/MobileResources/HUD/DefaultVirtualJoysticks.uasset" 165
"../../../Engine/Content/MobileResources/HUD/LeftVirtualJoystickOnly.uasset" 166
"../../../Engine/Content/MobileResources/HUD/MobileHUDButton1_off.uasset" 167
"../../../Engine/Content/MobileResources/HUD/MobileHUDButton1_on.uasset" 168
"../../../Engine/Content/MobileResources/HUD/MobileHUDButton2_off.uasset" 169
"../../../Engine/Content/MobileResources/HUD/MobileHUDButton2_on.uasset" 170
"../../../Engine/Content/MobileResources/HUD/MobileHUDButton3.uasset" 171
"../../../Engine/Content/MobileResources/HUD/MobileHUDButtonFire.uasset" 172
"../../../Engine/Content/MobileResources/HUD/MobileHUDDirectionPad.uasset" 173
"../../../Engine/Content/MobileResources/HUD/MobileHUDDirectionPad2.uasset" 174
"../../../Engine/Content/MobileResources/HUD/MobileHUDDirectionPad3.uasset" 175
"../../../Engine/Content/MobileResources/HUD/MobileHUDDirectionStick.uasset" 176
"../../../Engine/Content/MobileResources/HUD/T_Castle_ThumbstickInner.uasset" 177
"../../../Engine/Content/MobileResources/HUD/T_Castle_ThumbstickOutter.uasset" 178
"../../../Engine/Content/Tutorial/ContentIntroCurve.uasset" 179
"../../../Engine/Content/Tutorial/Basics/TutorialAssets/icon_tab_Levels_40x.uasset" 180
"../../../Engine/Content/Tutorial/BlueprintTutorials/TutorialAssets/BlueprintInterface_64x.uasset" 181
"../../../Engine/Content/Tutorial/BlueprintTutorials/TutorialAssets/BlueprintMacroLibrary_64x.uasset" 182
"../../../Engine/Content/Tutorial/BlueprintTutorials/TutorialAssets/Blueprint_64x.uasset" 183
"../../../Engine/Content/Tutorial/BlueprintTutorials/TutorialAssets/Tutorial_BP_Interface.uasset" 184
"../../../Engine/Content/Tutorial/Foliage/TutorialAssets/Foliage.uasset" 185
"../../../Engine/Content/Tutorial/Landscape/TutorialAssets/Landscape.uasset" 186
"../../../Engine/Content/Tutorial/Mobile/TutorialAssets/android_Icon.uasset" 187
"../../../Engine/Content/Tutorial/Paper2D/TutorialAssets/Paper2DFlipbook_TutorialIcon.uasset" 188
"../../../Engine/Content/Tutorial/Paper2D/TutorialAssets/Paper2DSprite_TutorialIcon.uasset" 189
"../../../Engine/Content/Tutorial/SubEditors/TutorialAssets/icon_Editor_Preferences_General_40x.uasset" 190
"../../../Engine/Content/Tutorial/SubEditors/TutorialAssets/icon_ShowSkeletalMeshes_40x.uasset" 191
"../../../Engine/Content/Tutorial/SubEditors/TutorialAssets/TutorialMaterial.uasset" 192
"../../../Engine/Content/Tutorial/SubEditors/TutorialAssets/T_SmokeSubUV_8X8.uasset" 193
"../../../Engine/Content/Tutorial/SubEditors/TutorialAssets/T_soft_smoke.uasset" 194
"../../../Engine/Content/Tutorial/SubEditors/TutorialAssets/M_smoke_subUV_blackbody.uasset" 195
"../../../Engine/Content/Tutorial/SubEditors/TutorialAssets/TutorialParticleSystem.uasset" 196
"../../../Engine/Content/Functions/Engine_MaterialFunctions02/Utility/BreakOutFloat3Components.uasset" 197
"../../../Engine/Content/Functions/Engine_MaterialFunctions02/Math/Transform3x3Matrix.uasset" 198
"../../../Engine/Content/Functions/Engine_MaterialFunctions02/SplitComponents.uasset" 199
"../../../Engine/Content/Functions/Engine_MaterialFunctions02/Utility/MakeFloat3.uasset" 200
"../../../Engine/Content/VREditor/SnapGrid/SnapGridMaterial.uasset" 201
"../../../Engine/Content/VREditor/LaserPointer/VR_LaserPower_01.uasset" 202
"../../../Engine/Content/VREditor/TransformGizmo/TransformGizmoMaterial.uasset" 203
"../../../Engine/Content/VREditor/TransformGizmo/TransformGizmoMaterial_Inst.uasset" 204
"../../../Engine/Content/VREditor/TransformGizmo/TranslucentTransformGizmoMaterial.uasset" 205
"../../../Engine/Content/VREditor/TransformGizmo/TranslucentTransformGizmoMaterial_Inst.uasset" 206
"../../../Engine/Content/VREditor/SnapGrid/SnapGridPlaneMesh.uasset" 207
"../../../Engine/Content/VREditor/Sounds/UI/Drop_Item_From_ContentBrowser.uasset" 208
"../../../Engine/Content/VREditor/Sounds/UI/Gizmo_Handle_Clicked.uasset" 209
"../../../Engine/Content/VREditor/Sounds/UI/Object_PickUp.uasset" 210
"../../../Engine/Content/VREditor/Sounds/UI/Object_Snaps_To_Another_Actor.uasset" 211
"../../../Engine/Content/VREditor/Sounds/UI/Object_Snaps_To_Grid.uasset" 212
"../../../Engine/Content/VREditor/Sounds/UI/Scaling_Down.uasset" 213
"../../../Engine/Content/VREditor/Sounds/UI/Scaling_Up.uasset" 214
"../../../Engine/Content/VREditor/Sounds/UI/Selection_Changes.uasset" 215
"../../../Engine/Content/VREditor/TransformGizmo/PlaneTranslationHandle.uasset" 216
"../../../Engine/Content/VREditor/TransformGizmo/RotationHandleFull.uasset" 217
"../../../Engine/Content/VREditor/TransformGizmo/RotationHandleIndicator.uasset" 218
"../../../Engine/Content/VREditor/TransformGizmo/RotationHandleQuarter.uasset" 219
"../../../Engine/Content/VREditor/TransformGizmo/StartRotationHandleIndicator.uasset" 220
"../../../Engine/Content/VREditor/TransformGizmo/TransformGizmoFreeRotation.uasset" 221
"../../../Engine/Content/VREditor/TransformGizmo/TranslateArrowHandle.uasset" 222
"../../../Engine/Content/VREditor/TransformGizmo/UniformScaleHandle.uasset" 223
"../../../Engine/Content/VREditor/ViewportInteractionAssetContainerData.uasset" 224
"../../../Engine/Content/VREditor/Fonts/VRText_RobotoLarge.uasset" 225
"../../../Engine/Content/VREditor/Fonts/VRTextMaterial.uasset" 226
"../../../Engine/Content/Functions/Engine_MaterialFunctions01/Gradient/RadialGradient.uasset" 227
"../../../Engine/Content/VREditor/WorldMovementGrid/SimpleGrid.uasset" 228
"../../../Engine/Content/VREditor/WorldMovementGrid/GridMaterial.uasset" 229
"../../../Engine/Content/Functions/Engine_MaterialFunctions01/Density/ExponentialDensity.uasset" 230
"../../../Engine/Content/VREditor/WorldMovementGrid/GridPostProcess.uasset" 231
"../../../Engine/Content/VREditor/Devices/Vive/VivePreController_MasksB.uasset" 232
"../../../Engine/Content/VREditor/Devices/Oculus/OculusControllerMaterial.uasset" 233
"../../../Engine/Content/VREditor/Devices/Oculus/OculusControllerMaterial_Inst.uasset" 234
"../../../Engine/Content/VREditor/Devices/Vive/T_VivePreController_EM.uasset" 235
"../../../Engine/Content/VREditor/Devices/Vive/VivePreController_MasksA.uasset" 236
"../../../Engine/Content/VREditor/Devices/Vive/VivePreControllerDiffuse.uasset" 237
"../../../Engine/Content/VREditor/Devices/Vive/VivePreControllerSpec.uasset" 238
"../../../Engine/Content/VREditor/Devices/Vive/VivePreControllerMaterial.uasset" 239
"../../../Engine/Content/VREditor/Devices/Vive/VivePreControllerMaterial_Inst.uasset" 240
"../../../Engine/Content/VREditor/LaserPointer/LaserPointerMaterial.uasset" 241
"../../../Engine/Content/VREditor/LaserPointer/LaserPointerMaterialInst.uasset" 242
"../../../Engine/Content/VREditor/LaserPointer/TranslucentLaserPointerMaterialInst.uasset" 243
"../../../Engine/Content/VREditor/Teleport/TeleportDirectionMaterial.uasset" 244
"../../../Engine/Content/VREditor/Teleport/TeleportDirectionMaterial_Inst.uasset" 245
"../../../Engine/Content/VREditor/Devices/Generic/GenericHMDMaterial.uasset" 246
"../../../Engine/Content/VREditor/Devices/Generic/GenericHMD.uasset" 247
"../../../Engine/Content/VREditor/Devices/Oculus/OculusControllerMesh.uasset" 248
"../../../Engine/Content/VREditor/Devices/Vive/VivePreControllerMesh.uasset" 249
"../../../Engine/Content/VREditor/LaserPointer/CursorPointer.uasset" 250
"../../../Engine/Content/VREditor/LaserPointer/HoverMaterial.uasset" 251
"../../../Engine/Content/VREditor/LaserPointer/TranslucentHoverMaterial.uasset" 252
"../../../Engine/Content/VREditor/LaserPointer/HoverMesh.uasset" 253
"../../../Engine/Content/VREditor/LaserPointer/LaserPointerMesh.uasset" 254
"../../../Engine/Content/VREditor/LaserPointer/LaserPointerMesh_End.uasset" 255
"../../../Engine/Content/VREditor/LaserPointer/LaserPointerMesh_Start.uasset" 256
"../../../Engine/Content/VREditor/Sounds/UI/Click_on_Button_Cue.uasset" 257
"../../../Engine/Content/VREditor/Sounds/UI/Dockable_Window_Close.uasset" 258
"../../../Engine/Content/VREditor/Sounds/UI/Dockable_Window_Drop.uasset" 259
"../../../Engine/Content/VREditor/Sounds/UI/Dockable_Window_Open.uasset" 260
"../../../Engine/Content/VREditor/Sounds/UI/Dockable_Window_Pick_Up.uasset" 261
"../../../Engine/Content/VREditor/Sounds/UI/Floating_UI_Open-001.uasset" 262
"../../../Engine/Content/VREditor/Sounds/UI/Radial_Menu_FadeOut.uasset" 263
"../../../Engine/Content/VREditor/Sounds/UI/Teleport_Mode_Entered.uasset" 264
"../../../Engine/Content/VREditor/Sounds/VR_teleport.uasset" 265
"../../../Engine/Content/VREditor/Teleport/TeleportDirectionMesh.uasset" 266
"../../../Engine/Content/VREditor/TransformGizmo/Main.uasset" 267
"../../../Engine/Content/VREditor/TransformGizmo/Xray.uasset" 268
"../../../Engine/Content/VREditor/TransformGizmo/SM_Dialog_Close.uasset" 269
"../../../Engine/Content/VREditor/TransformGizmo/SM_Dialog_Move.uasset" 270
"../../../Engine/Content/VREditor/Devices/Vive/UE4_Logo.uasset" 271
"../../../Engine/Content/VREditor/UI/M_ContentWindow.uasset" 272
"../../../Engine/Content/VREditor/UI/SM_ContentWindow_01.uasset" 273
"../../../Engine/Content/VREditor/UI/KeyDiskMaterial.uasset" 274
"../../../Engine/Content/VREditor/UI/DiscMaterial.uasset" 275
"../../../Engine/Content/VREditor/UI/SM_Radial_Disk.uasset" 276
"../../../Engine/Content/VREditor/UI/ArrowMaterial.uasset" 277
"../../../Engine/Content/VREditor/UI/SM_Radial_Pointer.uasset" 278
"../../../Engine/Content/EditorLandscapeResources/FlattenHeightMat.uasset" 279
"../../../Engine/Content/VREditor/WorldMovementGrid/PlaneMesh.uasset" 280
"../../../Engine/Content/VREditor/VREditorAssetContainerData.uasset" 281
"../../../Engine/Content/VREditor/FloatingText/LineMaterial.uasset" 282
"../../../Engine/Content/VREditor/FloatingText/JointSphere.uasset" 283
"../../../Engine/Content/VREditor/FloatingText/LineSegmentCylinder.uasset" 284
"../../../Engine/Content/VREditor/Fonts/TranslucentVRTextMaterial.uasset" 285
"../../../Engine/Content/VREditor/TransformGizmo/BoundingBoxCorner.uasset" 286
"../../../Engine/Content/VREditor/TransformGizmo/BoundingBoxEdge.uasset" 287
"../../../Engine/Content/VREditor/TransformGizmo/SM_Sequencer_Key.uasset" 288
"../../../Engine/Content/VREditor/TransformGizmo/SM_Sequencer_Node.uasset" 289
"../../../Engine/Plugins/2D/Paper2D/Content/PlaceholderTextures/DummySpriteTexture.uasset" 290
"../../../Engine/Plugins/2D/Paper2D/Content/DummySprite.uasset" 291
"../../../Engine/Plugins/2D/Paper2D/Content/DefaultPaperTerrainMaterial.uasset" 292
"../../../Engine/Plugins/2D/Paper2D/Content/DefaultSpriteMaterial.uasset" 293
"../../../Engine/Plugins/2D/Paper2D/Content/MaskedUnlitSpriteMaterial.uasset" 294
"../../../Engine/Plugins/2D/Paper2D/Content/OpaqueUnlitSpriteMaterial.uasset" 295
"../../../Engine/Plugins/Media/MediaCompositing/Content/DefaultMediaPlaneMaterial.uasset" 296
"../../../Engine/Content/Functions/Engine_MaterialFunctions01/Texturing/ScaleUVsByCenter.uasset" 297
"../../../Engine/Content/Functions/Engine_MaterialFunctions02/Utility/MakeFloat4.uasset" 298
"../../../Engine/Plugins/Runtime/AppleARKit/Content/ARKitCameraMaterial.uasset" 299
"../../../Engine/Plugins/Runtime/Oculus/OculusVR/Content/Textures/GearVRController_AO.uasset" 300
"../../../Engine/Plugins/Runtime/Oculus/OculusVR/Content/Textures/GearVRController_Color.uasset" 301
"../../../Engine/Plugins/Runtime/Oculus/OculusVR/Content/Textures/GearVRController_Normal.uasset" 302
"../../../Engine/Plugins/Runtime/Oculus/OculusVR/Content/Materials/GearVRControllerMaterial.uasset" 303
"../../../Engine/Plugins/Runtime/Oculus/OculusVR/Content/Meshes/GearVrController.uasset" 304
"../../../ringK/Content/Mesh/Emissive.uasset" 305
"../../../ringK/Content/Mesh/Line_Inst.uasset" 306
"../../../ringK/Content/Mesh/Orb_BlueInstance.uasset" 307
"../../../ringK/Content/Mesh/Constellation_Blue.uasset" 308
"../../../ringK/Content/MainBp/Actors/BluePawn.uasset" 309
"../../../ringK/Content/Mesh/Orb_Red_Inst.uasset" 310
"../../../ringK/Content/Mesh/Constellation_Red.uasset" 311
"../../../ringK/Content/MainBp/Actors/RedPawn.uasset" 312
"../../../ringK/Content/Mesh/Orb_Inside_Yellow.uasset" 313
"../../../ringK/Content/MainBp/Actors/YellowPawn.uasset" 314
"../../../Engine/Content/EngineSky/C_Sky_Cloud_Color.uasset" 315
"../../../Engine/Content/EngineSky/C_Sky_Horizon_Color.uasset" 316
"../../../Engine/Content/EngineSky/C_Sky_Zenith_Color.uasset" 317
"../../../Engine/Content/EngineSky/T_Sky_Blue.uasset" 318
"../../../Engine/Content/EngineSky/T_Sky_Clouds_M.uasset" 319
"../../../Engine/Content/EngineSky/T_Sky_Stars.uasset" 320
"../../../Engine/Content/EngineSky/M_Sky_Panning_Clouds2.uasset" 321
"../../../Engine/Content/EngineSky/SM_SkySphere.uasset" 322
"../../../Engine/Content/EngineSky/BP_Sky_Sphere.uasset" 323
"../../../ringK/Content/MainBp/GameMode/ringK_Pawn.uasset" 324
"../../../ringK/Content/MainBp/GameMode/ringK_PC.uasset" 325
"../../../ringK/Content/MainBp/GameMode/ringK_GM.uasset" 326
"../../../ringK/Content/Level/ringK_Level_BuiltData.uasset" 327
"../../../ringK/Content/Mesh/Orb_Yellow_Inst.uasset" 328
"../../../Engine/Content/BasicShapes/Sphere.uasset" 329
"../../../ringK/Content/Mesh/Torus.uasset" 330
"../../../ringK/Content/Mesh/ringKTorus.uasset" 331
"../../../ringK/Content/Level/ringK_Level.umap" 332
"../../../Engine/Content/Maps/Entry.umap" 333
